Loaded dependency [python3/3.11.3]: gcc/12.2.0-binutils-2.39
Loaded dependency [python3/3.11.3]: sqlite3/3.40.1
Loaded module: python3/3.11.3

Loading python3/3.11.3
  Loading requirement: gcc/12.2.0-binutils-2.39 sqlite3/3.40.1
Loaded module: cuda/11.8
Traceback (most recent call last):
  File "/zhome/36/0/204785/Tetris-DQN-NEAT/./DQN/src_dqn/train_dqn.py", line 157, in <module>
    best_state = agent.act(states=states, model=agent.model, use_epsilon=True)
  File "/zhome/36/0/204785/Tetris-DQN-NEAT/DQN/src_dqn/agent_dqn.py", line 91, in act
    value = model(state_tensor).item()
  File "/zhome/36/0/204785/Tetris-DQN-NEAT/tetris_temp_venv/lib/python3.10/site-packages/torch/nn/modules/module.py", line 1518, in _wrapped_call_impl
    return self._call_impl(*args, **kwargs)
  File "/zhome/36/0/204785/Tetris-DQN-NEAT/tetris_temp_venv/lib/python3.10/site-packages/torch/nn/modules/module.py", line 1527, in _call_impl
    return forward_call(*args, **kwargs)
  File "/zhome/36/0/204785/Tetris-DQN-NEAT/DQN/src_dqn/agent_dqn.py", line 33, in forward
    x = self.leaky_relu(self.fc2(x))
  File "/zhome/36/0/204785/Tetris-DQN-NEAT/tetris_temp_venv/lib/python3.10/site-packages/torch/nn/modules/module.py", line 1518, in _wrapped_call_impl
    return self._call_impl(*args, **kwargs)
  File "/zhome/36/0/204785/Tetris-DQN-NEAT/tetris_temp_venv/lib/python3.10/site-packages/torch/nn/modules/module.py", line 1527, in _call_impl
    return forward_call(*args, **kwargs)
  File "/zhome/36/0/204785/Tetris-DQN-NEAT/tetris_temp_venv/lib/python3.10/site-packages/torch/nn/modules/linear.py", line 114, in forward
    return F.linear(input, self.weight, self.bias)
  File "/zhome/36/0/204785/Tetris-DQN-NEAT/tetris_temp_venv/lib/python3.10/site-packages/torch/utils/_device.py", line 77, in __torch_function__
    return func(*args, **kwargs)
KeyboardInterrupt
