pygame 2.5.2 (SDL 2.28.2, Python 3.10.13)
Hello from the pygame community. https://www.pygame.org/contribute.html
Using Cuda
------------------------------
Running episode 0
Epsilon:  0.9995005
Mean reward:  137.0
Round Highscore: 137
Training Highscore: 137
Round 'tetris-clear' highscore:0
'tetris-clear' highscore:0
------------------------------
Running episode 10
Epsilon:  0.9945055000000002
Mean reward:  174.9
Round Highscore: 253
Training Highscore: 253
Round 'tetris-clear' highscore:0
'tetris-clear' highscore:0
------------------------------
Running episode 20
Epsilon:  0.9895105000000003
Mean reward:  162.7
Round Highscore: 203
Training Highscore: 253
Round 'tetris-clear' highscore:0
'tetris-clear' highscore:0
------------------------------
Running episode 30
Epsilon:  0.9845155000000004
Mean reward:  192.4
Round Highscore: 304
Training Highscore: 304
Round 'tetris-clear' highscore:0
'tetris-clear' highscore:0
------------------------------
Running episode 40
Epsilon:  0.9795205000000006
Mean reward:  167.3
Round Highscore: 244
Training Highscore: 304
Round 'tetris-clear' highscore:0
'tetris-clear' highscore:0
------------------------------
Running episode 50
Epsilon:  0.9745255000000007
Mean reward:  151.4
Round Highscore: 220
Training Highscore: 304
Round 'tetris-clear' highscore:0
'tetris-clear' highscore:0
------------------------------
Running episode 60
Epsilon:  0.9695305000000008
Mean reward:  184.3
Round Highscore: 234
Training Highscore: 304
Round 'tetris-clear' highscore:0
'tetris-clear' highscore:0
------------------------------
Running episode 70
Epsilon:  0.964535500000001
Mean reward:  171.6
Round Highscore: 218
Training Highscore: 304
Round 'tetris-clear' highscore:0
'tetris-clear' highscore:0
------------------------------
Running episode 80
Epsilon:  0.9595405000000011
Mean reward:  174.2
Round Highscore: 256
Training Highscore: 304
Round 'tetris-clear' highscore:0
'tetris-clear' highscore:0
------------------------------
Running episode 90
Epsilon:  0.9545455000000013
Mean reward:  144.2
Round Highscore: 207
Training Highscore: 304
Round 'tetris-clear' highscore:0
'tetris-clear' highscore:0
------------------------------
Running episode 100
Epsilon:  0.9495505000000014
Mean reward:  172.7
Round Highscore: 245
Training Highscore: 304
Round 'tetris-clear' highscore:0
'tetris-clear' highscore:0
------------------------------
Running episode 110
Epsilon:  0.9445555000000015
Mean reward:  183.3
Round Highscore: 275
Training Highscore: 304
Round 'tetris-clear' highscore:0
'tetris-clear' highscore:0
------------------------------
Running episode 120
Epsilon:  0.9395605000000017
Mean reward:  176.7
Round Highscore: 213
Training Highscore: 304
Round 'tetris-clear' highscore:0
'tetris-clear' highscore:0
------------------------------
Running episode 130
Epsilon:  0.9345655000000018
Mean reward:  169.0
Round Highscore: 248
Training Highscore: 304
Round 'tetris-clear' highscore:0
'tetris-clear' highscore:0
------------------------------
Running episode 140
Epsilon:  0.929570500000002
Mean reward:  178.0
Round Highscore: 303
Training Highscore: 304
Round 'tetris-clear' highscore:0
'tetris-clear' highscore:0
------------------------------
Running episode 150
Epsilon:  0.9245755000000021
Mean reward:  172.0
Round Highscore: 220
Training Highscore: 304
Round 'tetris-clear' highscore:0
'tetris-clear' highscore:0
------------------------------
Running episode 160
Epsilon:  0.9195805000000022
Mean reward:  171.9
Round Highscore: 244
Training Highscore: 304
Round 'tetris-clear' highscore:0
'tetris-clear' highscore:0
------------------------------
Running episode 170
Epsilon:  0.9145855000000024
Mean reward:  158.0
Round Highscore: 305
Training Highscore: 305
Round 'tetris-clear' highscore:0
'tetris-clear' highscore:0
------------------------------
Running episode 180
Epsilon:  0.9095905000000025
Mean reward:  172.9
Round Highscore: 225
Training Highscore: 305
Round 'tetris-clear' highscore:0
'tetris-clear' highscore:0
------------------------------
Running episode 190
Epsilon:  0.9045955000000027
Mean reward:  188.3
Round Highscore: 239
Training Highscore: 305
Round 'tetris-clear' highscore:0
'tetris-clear' highscore:0
------------------------------
Running episode 200
Epsilon:  0.8996005000000028
Mean reward:  151.7
Round Highscore: 195
Training Highscore: 305
Round 'tetris-clear' highscore:0
'tetris-clear' highscore:0
------------------------------
Running episode 210
Epsilon:  0.8946055000000029
Mean reward:  173.7
Round Highscore: 255
Training Highscore: 305
Round 'tetris-clear' highscore:0
'tetris-clear' highscore:0
------------------------------
Running episode 220
Epsilon:  0.8896105000000031
Mean reward:  167.2
Round Highscore: 212
Training Highscore: 305
Round 'tetris-clear' highscore:0
'tetris-clear' highscore:0
------------------------------
Running episode 230
Epsilon:  0.8846155000000032
Mean reward:  159.0
Round Highscore: 216
Training Highscore: 305
Round 'tetris-clear' highscore:0
'tetris-clear' highscore:0
------------------------------
Running episode 240
Epsilon:  0.8796205000000034
Mean reward:  174.4
Round Highscore: 259
Training Highscore: 305
Round 'tetris-clear' highscore:0
'tetris-clear' highscore:0
------------------------------
Running episode 250
Epsilon:  0.8746255000000035
Mean reward:  175.1
Round Highscore: 253
Training Highscore: 305
Round 'tetris-clear' highscore:0
'tetris-clear' highscore:0
------------------------------
Running episode 260
Epsilon:  0.8696305000000036
Mean reward:  161.5
Round Highscore: 203
Training Highscore: 305
Round 'tetris-clear' highscore:0
'tetris-clear' highscore:0
------------------------------
Running episode 270
Epsilon:  0.8646355000000038
Mean reward:  169.0
Round Highscore: 244
Training Highscore: 305
Round 'tetris-clear' highscore:0
'tetris-clear' highscore:0
------------------------------
Running episode 280
Epsilon:  0.8596405000000039
Mean reward:  157.1
Round Highscore: 225
Training Highscore: 305
Round 'tetris-clear' highscore:0
'tetris-clear' highscore:0
------------------------------
Running episode 290
Epsilon:  0.854645500000004
Mean reward:  190.9
Round Highscore: 244
Training Highscore: 305
Round 'tetris-clear' highscore:0
'tetris-clear' highscore:0
------------------------------
Running episode 300
Epsilon:  0.8496505000000042
Mean reward:  169.8
Round Highscore: 238
Training Highscore: 305
Round 'tetris-clear' highscore:0
'tetris-clear' highscore:0
------------------------------
Running episode 310
Epsilon:  0.8446555000000043
Mean reward:  181.8
Round Highscore: 226
Training Highscore: 305
Round 'tetris-clear' highscore:0
'tetris-clear' highscore:0
------------------------------
Running episode 320
Epsilon:  0.8396605000000045
Mean reward:  170.3
Round Highscore: 207
Training Highscore: 305
Round 'tetris-clear' highscore:0
'tetris-clear' highscore:0
------------------------------
Running episode 330
Epsilon:  0.8346655000000046
Mean reward:  176.8
Round Highscore: 215
Training Highscore: 305
Round 'tetris-clear' highscore:0
'tetris-clear' highscore:0
------------------------------
Running episode 340
Epsilon:  0.8296705000000048
Mean reward:  168.2
Round Highscore: 237
Training Highscore: 305
Round 'tetris-clear' highscore:0
'tetris-clear' highscore:0
------------------------------
Running episode 350
Epsilon:  0.8246755000000049
Mean reward:  182.4
Round Highscore: 278
Training Highscore: 305
Round 'tetris-clear' highscore:0
'tetris-clear' highscore:0
------------------------------
Running episode 360
Epsilon:  0.819680500000005
Mean reward:  165.7
Round Highscore: 232
Training Highscore: 305
Round 'tetris-clear' highscore:0
'tetris-clear' highscore:0
------------------------------
Running episode 370
Epsilon:  0.8146855000000052
Mean reward:  174.5
Round Highscore: 234
Training Highscore: 305
Round 'tetris-clear' highscore:0
'tetris-clear' highscore:0
------------------------------
Running episode 380
Epsilon:  0.8096905000000053
Mean reward:  191.2
Round Highscore: 250
Training Highscore: 305
Round 'tetris-clear' highscore:0
'tetris-clear' highscore:0
------------------------------
Running episode 390
Epsilon:  0.8046955000000054
Mean reward:  219.9
Round Highscore: 317
Training Highscore: 317
Round 'tetris-clear' highscore:0
'tetris-clear' highscore:0
------------------------------
Running episode 400
Epsilon:  0.7997005000000056
Mean reward:  181.0
Round Highscore: 261
Training Highscore: 317
Round 'tetris-clear' highscore:0
'tetris-clear' highscore:0
------------------------------
Running episode 410
Epsilon:  0.7947055000000057
Mean reward:  169.4
Round Highscore: 255
Training Highscore: 317
Round 'tetris-clear' highscore:0
'tetris-clear' highscore:0
------------------------------
Running episode 420
Epsilon:  0.7897105000000059
Mean reward:  203.1
Round Highscore: 316
Training Highscore: 317
Round 'tetris-clear' highscore:0
'tetris-clear' highscore:0
------------------------------
Running episode 430
Epsilon:  0.784715500000006
Mean reward:  200.0
Round Highscore: 250
Training Highscore: 317
Round 'tetris-clear' highscore:0
'tetris-clear' highscore:0
------------------------------
Running episode 440
Epsilon:  0.7797205000000061
Mean reward:  199.3
Round Highscore: 328
Training Highscore: 328
Round 'tetris-clear' highscore:0
'tetris-clear' highscore:0
------------------------------
Running episode 450
Epsilon:  0.7747255000000063
Mean reward:  233.3
Round Highscore: 325
Training Highscore: 328
Round 'tetris-clear' highscore:0
'tetris-clear' highscore:0
------------------------------
Running episode 460
Epsilon:  0.7697305000000064
Mean reward:  165.8
Round Highscore: 232
Training Highscore: 328
Round 'tetris-clear' highscore:0
'tetris-clear' highscore:0
------------------------------
Running episode 470
Epsilon:  0.7647355000000066
Mean reward:  180.2
Round Highscore: 220
Training Highscore: 328
Round 'tetris-clear' highscore:0
'tetris-clear' highscore:0
------------------------------
Running episode 480
Epsilon:  0.7597405000000067
Mean reward:  187.8
Round Highscore: 249
Training Highscore: 328
Round 'tetris-clear' highscore:0
'tetris-clear' highscore:0
------------------------------
Running episode 490
Epsilon:  0.7547455000000068
Mean reward:  197.9
Round Highscore: 272
Training Highscore: 328
Round 'tetris-clear' highscore:0
'tetris-clear' highscore:0
------------------------------
Running episode 500
Epsilon:  0.749750500000007
Mean reward:  189.2
Round Highscore: 257
Training Highscore: 328
Round 'tetris-clear' highscore:0
'tetris-clear' highscore:0
------------------------------
Running episode 510
Epsilon:  0.7447555000000071
Mean reward:  160.7
Round Highscore: 233
Training Highscore: 328
Round 'tetris-clear' highscore:0
'tetris-clear' highscore:0
------------------------------
Running episode 520
Epsilon:  0.7397605000000073
Mean reward:  205.0
Round Highscore: 275
Training Highscore: 328
Round 'tetris-clear' highscore:0
'tetris-clear' highscore:0
------------------------------
Running episode 530
Epsilon:  0.7347655000000074
Mean reward:  208.0
Round Highscore: 293
Training Highscore: 328
Round 'tetris-clear' highscore:0
'tetris-clear' highscore:0
------------------------------
Running episode 540
Epsilon:  0.7297705000000075
Mean reward:  214.4
Round Highscore: 265
Training Highscore: 328
Round 'tetris-clear' highscore:0
'tetris-clear' highscore:0
------------------------------
Running episode 550
Epsilon:  0.7247755000000077
Mean reward:  203.1
Round Highscore: 357
Training Highscore: 357
Round 'tetris-clear' highscore:0
'tetris-clear' highscore:0
------------------------------
Running episode 560
Epsilon:  0.7197805000000078
Mean reward:  204.4
Round Highscore: 278
Training Highscore: 357
Round 'tetris-clear' highscore:0
'tetris-clear' highscore:0
------------------------------
Running episode 570
Epsilon:  0.714785500000008
Mean reward:  178.2
Round Highscore: 240
Training Highscore: 357
Round 'tetris-clear' highscore:0
'tetris-clear' highscore:0
------------------------------
Running episode 580
Epsilon:  0.7097905000000081
Mean reward:  185.3
Round Highscore: 229
Training Highscore: 357
Round 'tetris-clear' highscore:0
'tetris-clear' highscore:0
------------------------------
Running episode 590
Epsilon:  0.7047955000000082
Mean reward:  194.1
Round Highscore: 246
Training Highscore: 357
Round 'tetris-clear' highscore:0
'tetris-clear' highscore:0
------------------------------
Running episode 600
Epsilon:  0.6998005000000084
Mean reward:  215.5
Round Highscore: 297
Training Highscore: 357
Round 'tetris-clear' highscore:0
'tetris-clear' highscore:0
------------------------------
Running episode 610
Epsilon:  0.6948055000000085
Mean reward:  199.0
Round Highscore: 235
Training Highscore: 357
Round 'tetris-clear' highscore:0
'tetris-clear' highscore:0
------------------------------
Running episode 620
Epsilon:  0.6898105000000087
Mean reward:  227.4
Round Highscore: 298
Training Highscore: 357
Round 'tetris-clear' highscore:0
'tetris-clear' highscore:0
------------------------------
Running episode 630
Epsilon:  0.6848155000000088
Mean reward:  233.7
Round Highscore: 314
Training Highscore: 357
Round 'tetris-clear' highscore:0
'tetris-clear' highscore:0
------------------------------
Running episode 640
Epsilon:  0.6798205000000089
Mean reward:  219.1
Round Highscore: 305
Training Highscore: 357
Round 'tetris-clear' highscore:0
'tetris-clear' highscore:0
------------------------------
Running episode 650
Epsilon:  0.6748255000000091
Mean reward:  256.1
Round Highscore: 392
Training Highscore: 392
Round 'tetris-clear' highscore:0
'tetris-clear' highscore:0
------------------------------
Running episode 660
Epsilon:  0.6698305000000092
Mean reward:  260.7
Round Highscore: 337
Training Highscore: 392
Round 'tetris-clear' highscore:0
'tetris-clear' highscore:0
------------------------------
Running episode 670
Epsilon:  0.6648355000000093
Mean reward:  229.5
Round Highscore: 329
Training Highscore: 392
Round 'tetris-clear' highscore:0
'tetris-clear' highscore:0
------------------------------
Running episode 680
Epsilon:  0.6598405000000095
Mean reward:  231.1
Round Highscore: 331
Training Highscore: 392
Round 'tetris-clear' highscore:0
'tetris-clear' highscore:0
------------------------------
Running episode 690
Epsilon:  0.6548455000000096
Mean reward:  199.5
Round Highscore: 318
Training Highscore: 392
Round 'tetris-clear' highscore:0
'tetris-clear' highscore:0
------------------------------
Running episode 700
Epsilon:  0.6498505000000098
Mean reward:  233.8
Round Highscore: 311
Training Highscore: 392
Round 'tetris-clear' highscore:0
'tetris-clear' highscore:0
------------------------------
Running episode 710
Epsilon:  0.6448555000000099
Mean reward:  218.0
Round Highscore: 403
Training Highscore: 403
Round 'tetris-clear' highscore:0
'tetris-clear' highscore:0
------------------------------
Running episode 720
Epsilon:  0.63986050000001
Mean reward:  245.4
Round Highscore: 324
Training Highscore: 403
Round 'tetris-clear' highscore:0
'tetris-clear' highscore:0
------------------------------
Running episode 730
Epsilon:  0.6348655000000102
Mean reward:  215.7
Round Highscore: 432
Training Highscore: 432
Round 'tetris-clear' highscore:0
'tetris-clear' highscore:0
------------------------------
Running episode 740
Epsilon:  0.6298705000000103
Mean reward:  229.5
Round Highscore: 350
Training Highscore: 432
Round 'tetris-clear' highscore:0
'tetris-clear' highscore:0
------------------------------
Running episode 750
Epsilon:  0.6248755000000105
Mean reward:  232.0
Round Highscore: 334
Training Highscore: 432
Round 'tetris-clear' highscore:0
'tetris-clear' highscore:0
------------------------------
Running episode 760
Epsilon:  0.6198805000000106
Mean reward:  201.6
Round Highscore: 288
Training Highscore: 432
Round 'tetris-clear' highscore:0
'tetris-clear' highscore:0
------------------------------
Running episode 770
Epsilon:  0.6148855000000107
Mean reward:  212.4
Round Highscore: 320
Training Highscore: 432
Round 'tetris-clear' highscore:0
'tetris-clear' highscore:0
------------------------------
Running episode 780
Epsilon:  0.6098905000000109
Mean reward:  241.1
Round Highscore: 358
Training Highscore: 432
Round 'tetris-clear' highscore:0
'tetris-clear' highscore:0
------------------------------
Running episode 790
Epsilon:  0.604895500000011
Mean reward:  206.8
Round Highscore: 347
Training Highscore: 432
Round 'tetris-clear' highscore:0
'tetris-clear' highscore:0
------------------------------
Running episode 800
Epsilon:  0.5999005000000112
Mean reward:  198.8
Round Highscore: 333
Training Highscore: 432
Round 'tetris-clear' highscore:0
'tetris-clear' highscore:0
------------------------------
Running episode 810
Epsilon:  0.5949055000000113
Mean reward:  226.0
Round Highscore: 309
Training Highscore: 432
Round 'tetris-clear' highscore:0
'tetris-clear' highscore:0
------------------------------
Running episode 820
Epsilon:  0.5899105000000114
Mean reward:  216.0
Round Highscore: 352
Training Highscore: 432
Round 'tetris-clear' highscore:0
'tetris-clear' highscore:0
------------------------------
Running episode 830
Epsilon:  0.5849155000000116
Mean reward:  201.0
Round Highscore: 256
Training Highscore: 432
Round 'tetris-clear' highscore:0
'tetris-clear' highscore:0
------------------------------
Running episode 840
Epsilon:  0.5799205000000117
Mean reward:  252.2
Round Highscore: 488
Training Highscore: 488
Round 'tetris-clear' highscore:0
'tetris-clear' highscore:0
------------------------------
Running episode 850
Epsilon:  0.5749255000000119
Mean reward:  220.9
Round Highscore: 308
Training Highscore: 488
Round 'tetris-clear' highscore:0
'tetris-clear' highscore:0
------------------------------
Running episode 860
Epsilon:  0.569930500000012
Mean reward:  193.8
Round Highscore: 273
Training Highscore: 488
Round 'tetris-clear' highscore:0
'tetris-clear' highscore:0
------------------------------
Running episode 870
Epsilon:  0.5649355000000121
Mean reward:  196.3
Round Highscore: 305
Training Highscore: 488
Round 'tetris-clear' highscore:0
'tetris-clear' highscore:0
------------------------------
Running episode 880
Epsilon:  0.5599405000000123
Mean reward:  192.1
Round Highscore: 255
Training Highscore: 488
Round 'tetris-clear' highscore:0
'tetris-clear' highscore:0
------------------------------
Running episode 890
Epsilon:  0.5549455000000124
Mean reward:  198.3
Round Highscore: 260
Training Highscore: 488
Round 'tetris-clear' highscore:0
'tetris-clear' highscore:0
------------------------------
Running episode 900
Epsilon:  0.5499505000000126
Mean reward:  246.0
Round Highscore: 377
Training Highscore: 488
Round 'tetris-clear' highscore:0
'tetris-clear' highscore:0
------------------------------
Running episode 910
Epsilon:  0.5449555000000127
Mean reward:  257.1
Round Highscore: 473
Training Highscore: 488
Round 'tetris-clear' highscore:0
'tetris-clear' highscore:0
------------------------------
Running episode 920
Epsilon:  0.5399605000000128
Mean reward:  267.1
Round Highscore: 512
Training Highscore: 512
Round 'tetris-clear' highscore:0
'tetris-clear' highscore:0
------------------------------
Running episode 930
Epsilon:  0.534965500000013
Mean reward:  288.1
Round Highscore: 450
Training Highscore: 512
Round 'tetris-clear' highscore:0
'tetris-clear' highscore:0
------------------------------
Running episode 940
Epsilon:  0.5299705000000131
Mean reward:  221.1
Round Highscore: 322
Training Highscore: 512
Round 'tetris-clear' highscore:0
'tetris-clear' highscore:0
------------------------------
Running episode 950
Epsilon:  0.5249755000000133
Mean reward:  276.9
Round Highscore: 401
Training Highscore: 512
Round 'tetris-clear' highscore:0
'tetris-clear' highscore:0
------------------------------
Running episode 960
Epsilon:  0.5199805000000134
Mean reward:  189.9
Round Highscore: 392
Training Highscore: 512
Round 'tetris-clear' highscore:0
'tetris-clear' highscore:0
------------------------------
Running episode 970
Epsilon:  0.5149855000000135
Mean reward:  240.4
Round Highscore: 405
Training Highscore: 512
Round 'tetris-clear' highscore:0
'tetris-clear' highscore:0
------------------------------
Running episode 980
Epsilon:  0.5099905000000137
Mean reward:  210.9
Round Highscore: 272
Training Highscore: 512
Round 'tetris-clear' highscore:0
'tetris-clear' highscore:0
------------------------------
Running episode 990
Epsilon:  0.5049955000000138
Mean reward:  280.4
Round Highscore: 484
Training Highscore: 512
Round 'tetris-clear' highscore:0
'tetris-clear' highscore:0
------------------------------
Running episode 1000
Epsilon:  0.500000500000014
Mean reward:  236.9
Round Highscore: 365
Training Highscore: 512
Round 'tetris-clear' highscore:0
'tetris-clear' highscore:0
------------------------------
Running episode 1010
Epsilon:  0.4950055000000141
Mean reward:  283.3
Round Highscore: 569
Training Highscore: 569
Round 'tetris-clear' highscore:0
'tetris-clear' highscore:0
------------------------------
Running episode 1020
Epsilon:  0.4900105000000142
Mean reward:  265.6
Round Highscore: 331
Training Highscore: 569
Round 'tetris-clear' highscore:0
'tetris-clear' highscore:0
------------------------------
Running episode 1030
Epsilon:  0.48501550000001437
Mean reward:  255.4
Round Highscore: 426
Training Highscore: 569
Round 'tetris-clear' highscore:0
'tetris-clear' highscore:0
------------------------------
Running episode 1040
Epsilon:  0.4800205000000145
Mean reward:  303.0
Round Highscore: 565
Training Highscore: 569
Round 'tetris-clear' highscore:0
'tetris-clear' highscore:0
------------------------------
Running episode 1050
Epsilon:  0.47502550000001464
Mean reward:  244.3
Round Highscore: 430
Training Highscore: 569
Round 'tetris-clear' highscore:0
'tetris-clear' highscore:0
------------------------------
Running episode 1060
Epsilon:  0.4700305000000148
Mean reward:  207.1
Round Highscore: 290
Training Highscore: 569
Round 'tetris-clear' highscore:0
'tetris-clear' highscore:0
------------------------------
Running episode 1070
Epsilon:  0.4650355000000149
Mean reward:  214.0
Round Highscore: 354
Training Highscore: 569
Round 'tetris-clear' highscore:0
'tetris-clear' highscore:0
------------------------------
Running episode 1080
Epsilon:  0.46004050000001506
Mean reward:  235.1
Round Highscore: 370
Training Highscore: 569
Round 'tetris-clear' highscore:0
'tetris-clear' highscore:0
------------------------------
Running episode 1090
Epsilon:  0.4550455000000152
Mean reward:  294.3
Round Highscore: 393
Training Highscore: 569
Round 'tetris-clear' highscore:0
'tetris-clear' highscore:0
------------------------------
Running episode 1100
Epsilon:  0.45005050000001534
Mean reward:  255.5
Round Highscore: 422
Training Highscore: 569
Round 'tetris-clear' highscore:0
'tetris-clear' highscore:0
------------------------------
Running episode 1110
Epsilon:  0.4450555000000155
Mean reward:  229.3
Round Highscore: 475
Training Highscore: 569
Round 'tetris-clear' highscore:0
'tetris-clear' highscore:0
------------------------------
Running episode 1120
Epsilon:  0.4400605000000156
Mean reward:  277.0
Round Highscore: 552
Training Highscore: 569
Round 'tetris-clear' highscore:0
'tetris-clear' highscore:0
------------------------------
Running episode 1130
Epsilon:  0.43506550000001576
Mean reward:  307.6
Round Highscore: 595
Training Highscore: 595
Round 'tetris-clear' highscore:0
'tetris-clear' highscore:0
------------------------------
Running episode 1140
Epsilon:  0.4300705000000159
Mean reward:  260.6
Round Highscore: 376
Training Highscore: 595
Round 'tetris-clear' highscore:0
'tetris-clear' highscore:0
------------------------------
Running episode 1150
Epsilon:  0.42507550000001604
Mean reward:  355.0
Round Highscore: 568
Training Highscore: 595
Round 'tetris-clear' highscore:0
'tetris-clear' highscore:0
------------------------------
Running episode 1160
Epsilon:  0.4200805000000162
Mean reward:  264.8
Round Highscore: 382
Training Highscore: 595
Round 'tetris-clear' highscore:0
'tetris-clear' highscore:0
------------------------------
Running episode 1170
Epsilon:  0.4150855000000163
Mean reward:  257.5
Round Highscore: 444
Training Highscore: 595
Round 'tetris-clear' highscore:0
'tetris-clear' highscore:0
------------------------------
Running episode 1180
Epsilon:  0.41009050000001646
Mean reward:  238.1
Round Highscore: 350
Training Highscore: 595
Round 'tetris-clear' highscore:0
'tetris-clear' highscore:0
------------------------------
Running episode 1190
Epsilon:  0.4050955000000166
Mean reward:  210.5
Round Highscore: 428
Training Highscore: 595
Round 'tetris-clear' highscore:0
'tetris-clear' highscore:0
------------------------------
Running episode 1200
Epsilon:  0.40010050000001673
Mean reward:  218.9
Round Highscore: 431
Training Highscore: 595
Round 'tetris-clear' highscore:0
'tetris-clear' highscore:0
------------------------------
Running episode 1210
Epsilon:  0.3951055000000169
Mean reward:  201.7
Round Highscore: 365
Training Highscore: 595
Round 'tetris-clear' highscore:0
'tetris-clear' highscore:0
------------------------------
Running episode 1220
Epsilon:  0.390110500000017
Mean reward:  247.3
Round Highscore: 423
Training Highscore: 595
Round 'tetris-clear' highscore:0
'tetris-clear' highscore:0
------------------------------
Running episode 1230
Epsilon:  0.38511550000001715
Mean reward:  259.8
Round Highscore: 442
Training Highscore: 595
Round 'tetris-clear' highscore:0
'tetris-clear' highscore:0
------------------------------
Running episode 1240
Epsilon:  0.3801205000000173
Mean reward:  309.5
Round Highscore: 505
Training Highscore: 595
Round 'tetris-clear' highscore:0
'tetris-clear' highscore:0
------------------------------
Running episode 1250
Epsilon:  0.37512550000001743
Mean reward:  349.0
Round Highscore: 726
Training Highscore: 726
Round 'tetris-clear' highscore:0
'tetris-clear' highscore:0
------------------------------
Running episode 1260
Epsilon:  0.37013050000001757
Mean reward:  392.7
Round Highscore: 481
Training Highscore: 726
Round 'tetris-clear' highscore:0
'tetris-clear' highscore:0
------------------------------
Running episode 1270
Epsilon:  0.3651355000000177
Mean reward:  353.7
Round Highscore: 570
Training Highscore: 726
Round 'tetris-clear' highscore:0
'tetris-clear' highscore:0
------------------------------
Running episode 1280
Epsilon:  0.36014050000001785
Mean reward:  363.1
Round Highscore: 494
Training Highscore: 726
Round 'tetris-clear' highscore:0
'tetris-clear' highscore:0
------------------------------
Running episode 1290
Epsilon:  0.355145500000018
Mean reward:  372.4
Round Highscore: 970
Training Highscore: 970
Round 'tetris-clear' highscore:0
'tetris-clear' highscore:0
------------------------------
Running episode 1300
Epsilon:  0.35015050000001813
Mean reward:  341.3
Round Highscore: 536
Training Highscore: 970
Round 'tetris-clear' highscore:0
'tetris-clear' highscore:0
------------------------------
Running episode 1310
Epsilon:  0.34515550000001827
Mean reward:  294.5
Round Highscore: 426
Training Highscore: 970
Round 'tetris-clear' highscore:0
'tetris-clear' highscore:0
------------------------------
Running episode 1320
Epsilon:  0.3401605000000184
Mean reward:  366.1
Round Highscore: 635
Training Highscore: 970
Round 'tetris-clear' highscore:0
'tetris-clear' highscore:0
------------------------------
Running episode 1330
Epsilon:  0.33516550000001855
Mean reward:  385.4
Round Highscore: 560
Training Highscore: 970
Round 'tetris-clear' highscore:0
'tetris-clear' highscore:0
------------------------------
Running episode 1340
Epsilon:  0.3301705000000187
Mean reward:  415.5
Round Highscore: 613
Training Highscore: 970
Round 'tetris-clear' highscore:0
'tetris-clear' highscore:0
------------------------------
Running episode 1350
Epsilon:  0.3251755000000188
Mean reward:  402.6
Round Highscore: 685
Training Highscore: 970
Round 'tetris-clear' highscore:0
'tetris-clear' highscore:0
------------------------------
Running episode 1360
Epsilon:  0.32018050000001896
Mean reward:  388.9
Round Highscore: 604
Training Highscore: 970
Round 'tetris-clear' highscore:0
'tetris-clear' highscore:0
------------------------------
Running episode 1370
Epsilon:  0.3151855000000191
Mean reward:  596.3
Round Highscore: 1058
Training Highscore: 1058
Round 'tetris-clear' highscore:0
'tetris-clear' highscore:0
------------------------------
Running episode 1380
Epsilon:  0.31019050000001924
Mean reward:  476.9
Round Highscore: 686
Training Highscore: 1058
Round 'tetris-clear' highscore:0
'tetris-clear' highscore:0
------------------------------
Running episode 1390
Epsilon:  0.3051955000000194
Mean reward:  462.6
Round Highscore: 781
Training Highscore: 1058
Round 'tetris-clear' highscore:0
'tetris-clear' highscore:0
------------------------------
Running episode 1400
Epsilon:  0.3002005000000195
Mean reward:  579.0
Round Highscore: 2103
Training Highscore: 2103
Round 'tetris-clear' highscore:0
'tetris-clear' highscore:0
------------------------------
Running episode 1410
Epsilon:  0.29520550000001966
Mean reward:  581.0
Round Highscore: 886
Training Highscore: 2103
Round 'tetris-clear' highscore:0
'tetris-clear' highscore:0
------------------------------
Running episode 1420
Epsilon:  0.2902105000000198
Mean reward:  675.5
Round Highscore: 1441
Training Highscore: 2103
Round 'tetris-clear' highscore:0
'tetris-clear' highscore:0
------------------------------
Running episode 1430
Epsilon:  0.28521550000001994
Mean reward:  630.1
Round Highscore: 1429
Training Highscore: 2103
Round 'tetris-clear' highscore:0
'tetris-clear' highscore:0
------------------------------
Running episode 1440
Epsilon:  0.2802205000000201
Mean reward:  681.2
Round Highscore: 1234
Training Highscore: 2103
Round 'tetris-clear' highscore:0
'tetris-clear' highscore:0
------------------------------
Running episode 1450
Epsilon:  0.2752255000000202
Mean reward:  498.8
Round Highscore: 836
Training Highscore: 2103
Round 'tetris-clear' highscore:0
'tetris-clear' highscore:0
------------------------------
Running episode 1460
Epsilon:  0.27023050000002036
Mean reward:  829.5
Round Highscore: 1555
Training Highscore: 2103
Round 'tetris-clear' highscore:0
'tetris-clear' highscore:0
------------------------------
Running episode 1470
Epsilon:  0.2652355000000205
Mean reward:  1178.7
Round Highscore: 2039
Training Highscore: 2103
Round 'tetris-clear' highscore:0
'tetris-clear' highscore:0
------------------------------
Running episode 1480
Epsilon:  0.26024050000002064
Mean reward:  1121.4
Round Highscore: 1650
Training Highscore: 2103
Round 'tetris-clear' highscore:0
'tetris-clear' highscore:0
------------------------------
Running episode 1490
Epsilon:  0.2552455000000208
Mean reward:  1152.0
Round Highscore: 2408
Training Highscore: 2408
Round 'tetris-clear' highscore:0
'tetris-clear' highscore:0
------------------------------
Running episode 1500
Epsilon:  0.2502505000000209
Mean reward:  1333.3
Round Highscore: 2666
Training Highscore: 2666
Round 'tetris-clear' highscore:0
'tetris-clear' highscore:0
------------------------------
Running episode 1510
Epsilon:  0.24525550000002078
Mean reward:  908.1
Round Highscore: 1887
Training Highscore: 2666
Round 'tetris-clear' highscore:0
'tetris-clear' highscore:0
------------------------------
Running episode 1520
Epsilon:  0.24026050000002064
Mean reward:  696.3
Round Highscore: 1052
Training Highscore: 2666
Round 'tetris-clear' highscore:0
'tetris-clear' highscore:0
------------------------------
Running episode 1530
Epsilon:  0.2352655000000205
Mean reward:  1341.8
Round Highscore: 1933
Training Highscore: 2666
Round 'tetris-clear' highscore:0
'tetris-clear' highscore:0
------------------------------
Running episode 1540
Epsilon:  0.23027050000002036
Mean reward:  1291.3
Round Highscore: 2750
Training Highscore: 2750
Round 'tetris-clear' highscore:0
'tetris-clear' highscore:0
------------------------------
Running episode 1550
Epsilon:  0.22527550000002022
Mean reward:  1239.8
Round Highscore: 2445
Training Highscore: 2750
Round 'tetris-clear' highscore:1
'tetris-clear' highscore:1
------------------------------
Running episode 1560
Epsilon:  0.22028050000002009
Mean reward:  515.0
Round Highscore: 702
Training Highscore: 2750
Round 'tetris-clear' highscore:0
'tetris-clear' highscore:1
------------------------------
Running episode 1570
Epsilon:  0.21528550000001995
Mean reward:  402.3
Round Highscore: 529
Training Highscore: 2750
Round 'tetris-clear' highscore:0
'tetris-clear' highscore:1
------------------------------
Running episode 1580
Epsilon:  0.2102905000000198
Mean reward:  384.5
Round Highscore: 523
Training Highscore: 2750
Round 'tetris-clear' highscore:0
'tetris-clear' highscore:1
------------------------------
Running episode 1590
Epsilon:  0.20529550000001967
Mean reward:  555.6
Round Highscore: 1286
Training Highscore: 2750
Round 'tetris-clear' highscore:0
'tetris-clear' highscore:1
------------------------------
Running episode 1600
Epsilon:  0.20030050000001953
Mean reward:  693.6
Round Highscore: 1645
Training Highscore: 2750
Round 'tetris-clear' highscore:0
'tetris-clear' highscore:1
------------------------------
Running episode 1610
Epsilon:  0.1953055000000194
Mean reward:  841.5
Round Highscore: 1426
Training Highscore: 2750
Round 'tetris-clear' highscore:0
'tetris-clear' highscore:1
------------------------------
Running episode 1620
Epsilon:  0.19031050000001926
Mean reward:  782.7
Round Highscore: 1045
Training Highscore: 2750
Round 'tetris-clear' highscore:0
'tetris-clear' highscore:1
------------------------------
Running episode 1630
Epsilon:  0.18531550000001912
Mean reward:  497.6
Round Highscore: 651
Training Highscore: 2750
Round 'tetris-clear' highscore:0
'tetris-clear' highscore:1
------------------------------
Running episode 1640
Epsilon:  0.18032050000001898
Mean reward:  634.1
Round Highscore: 1175
Training Highscore: 2750
Round 'tetris-clear' highscore:0
'tetris-clear' highscore:1
------------------------------
Running episode 1650
Epsilon:  0.17532550000001884
Mean reward:  584.4
Round Highscore: 1125
Training Highscore: 2750
Round 'tetris-clear' highscore:0
'tetris-clear' highscore:1
------------------------------
Running episode 1660
Epsilon:  0.1703305000000187
Mean reward:  1700.0
Round Highscore: 4898
Training Highscore: 4898
Round 'tetris-clear' highscore:0
'tetris-clear' highscore:1
------------------------------
Running episode 1670
Epsilon:  0.16533550000001856
Mean reward:  1202.5
Round Highscore: 3149
Training Highscore: 4898
Round 'tetris-clear' highscore:0
'tetris-clear' highscore:1
------------------------------
Running episode 1680
Epsilon:  0.16034050000001843
Mean reward:  1069.5
Round Highscore: 2871
Training Highscore: 4898
Round 'tetris-clear' highscore:1
'tetris-clear' highscore:1
------------------------------
Running episode 1690
Epsilon:  0.1553455000000183
Mean reward:  1918.9
Round Highscore: 4944
Training Highscore: 4944
Round 'tetris-clear' highscore:0
'tetris-clear' highscore:1
------------------------------
Running episode 1700
Epsilon:  0.15035050000001815
Mean reward:  2731.2
Round Highscore: 5486
Training Highscore: 5486
Round 'tetris-clear' highscore:1
'tetris-clear' highscore:1
------------------------------
Running episode 1710
Epsilon:  0.145355500000018
Mean reward:  1705.6
Round Highscore: 4480
Training Highscore: 5486
Round 'tetris-clear' highscore:0
'tetris-clear' highscore:1
------------------------------
Running episode 1720
Epsilon:  0.14036050000001787
Mean reward:  1994.2
Round Highscore: 5886
Training Highscore: 5886
Round 'tetris-clear' highscore:0
'tetris-clear' highscore:1
------------------------------
Running episode 1730
Epsilon:  0.13536550000001774
Mean reward:  1344.8
Round Highscore: 2784
Training Highscore: 5886
Round 'tetris-clear' highscore:0
'tetris-clear' highscore:1
------------------------------
Running episode 1740
Epsilon:  0.1303705000000176
Mean reward:  2640.6
Round Highscore: 6834
Training Highscore: 6834
Round 'tetris-clear' highscore:2
'tetris-clear' highscore:2
------------------------------
Running episode 1750
Epsilon:  0.12537550000001746
Mean reward:  4147.2
Round Highscore: 7687
Training Highscore: 7687
Round 'tetris-clear' highscore:1
'tetris-clear' highscore:2
------------------------------
Running episode 1760
Epsilon:  0.12038050000001746
Mean reward:  1637.8
Round Highscore: 4075
Training Highscore: 7687
Round 'tetris-clear' highscore:0
'tetris-clear' highscore:2
------------------------------
Running episode 1770
Epsilon:  0.11538550000001746
Mean reward:  987.2
Round Highscore: 2256
Training Highscore: 7687
Round 'tetris-clear' highscore:1
'tetris-clear' highscore:2
------------------------------
Running episode 1780
Epsilon:  0.11039050000001746
Mean reward:  1717.7
Round Highscore: 5152
Training Highscore: 7687
Round 'tetris-clear' highscore:1
'tetris-clear' highscore:2
------------------------------
Running episode 1790
Epsilon:  0.10539550000001746
Mean reward:  1665.1
Round Highscore: 3567
Training Highscore: 7687
Round 'tetris-clear' highscore:1
'tetris-clear' highscore:2
------------------------------
Running episode 1800
Epsilon:  0.10040050000001746
Mean reward:  5113.0
Round Highscore: 14637
Training Highscore: 14637
Round 'tetris-clear' highscore:3
'tetris-clear' highscore:3
------------------------------
Running episode 1810
Epsilon:  0.09540550000001746
Mean reward:  2297.4
Round Highscore: 5043
Training Highscore: 14637
Round 'tetris-clear' highscore:2
'tetris-clear' highscore:3
------------------------------
Running episode 1820
Epsilon:  0.09041050000001746
Mean reward:  4362.0
Round Highscore: 10273
Training Highscore: 14637
Round 'tetris-clear' highscore:1
'tetris-clear' highscore:3
------------------------------
Running episode 1830
Epsilon:  0.08541550000001746
Mean reward:  1945.3
Round Highscore: 8652
Training Highscore: 14637
Round 'tetris-clear' highscore:1
'tetris-clear' highscore:3
------------------------------
Running episode 1840
Epsilon:  0.08042050000001746
Mean reward:  4574.7
Round Highscore: 18598
Training Highscore: 18598
Round 'tetris-clear' highscore:1
'tetris-clear' highscore:3
------------------------------
Running episode 1850
Epsilon:  0.07542550000001746
Mean reward:  11183.7
Round Highscore: 33181
Training Highscore: 33181
Round 'tetris-clear' highscore:5
'tetris-clear' highscore:5
------------------------------
Running episode 1860
Epsilon:  0.07043050000001747
Mean reward:  16980.4
Round Highscore: 74195
Training Highscore: 74195
Round 'tetris-clear' highscore:4
'tetris-clear' highscore:5
------------------------------
Running episode 1870
Epsilon:  0.06543550000001747
Mean reward:  4116.7
Round Highscore: 13634
Training Highscore: 74195
Round 'tetris-clear' highscore:6
'tetris-clear' highscore:6
------------------------------
Running episode 1880
Epsilon:  0.060440500000017466
Mean reward:  2335.0
Round Highscore: 12513
Training Highscore: 74195
Round 'tetris-clear' highscore:4
'tetris-clear' highscore:6
model_save
------------------------------
Running episode 1890
Epsilon:  0.05544550000001747
Mean reward:  19790.2
Round Highscore: 122648
Training Highscore: 122648
Round 'tetris-clear' highscore:26
'tetris-clear' highscore:26
------------------------------
Running episode 1900
Epsilon:  0.05045050000001747
Mean reward:  19755.7
Round Highscore: 83239
Training Highscore: 122648
Round 'tetris-clear' highscore:6
'tetris-clear' highscore:26
------------------------------
Running episode 1910
Epsilon:  0.04545550000001747
Mean reward:  1292.7
Round Highscore: 6718
Training Highscore: 122648
Round 'tetris-clear' highscore:2
'tetris-clear' highscore:26
model_save
------------------------------
Running episode 1920
Epsilon:  0.04046050000001747
Mean reward:  44996.8
Round Highscore: 186811
Training Highscore: 186811
Round 'tetris-clear' highscore:15
'tetris-clear' highscore:26
model_save
------------------------------
Running episode 1930
Epsilon:  0.03546550000001747
Mean reward:  170058.2
Round Highscore: 1519560
Training Highscore: 1519560
Round 'tetris-clear' highscore:375
'tetris-clear' highscore:375
------------------------------
Running episode 1940
Epsilon:  0.03047050000001747
Mean reward:  352.5
Round Highscore: 497
Training Highscore: 1519560
Round 'tetris-clear' highscore:0
'tetris-clear' highscore:375
------------------------------
Running episode 1950
Epsilon:  0.02547550000001747
Mean reward:  906.0
Round Highscore: 4248
Training Highscore: 1519560
Round 'tetris-clear' highscore:1
'tetris-clear' highscore:375
------------------------------
Running episode 1960
Epsilon:  0.02048050000001747
Mean reward:  430.3
Round Highscore: 620
Training Highscore: 1519560
Round 'tetris-clear' highscore:0
'tetris-clear' highscore:375
------------------------------
Running episode 1970
Epsilon:  0.015485500000017471
Mean reward:  423.9
Round Highscore: 553
Training Highscore: 1519560
Round 'tetris-clear' highscore:0
'tetris-clear' highscore:375
------------------------------
Running episode 1980
Epsilon:  0.010490500000017472
Mean reward:  486.9
Round Highscore: 1219
Training Highscore: 1519560
Round 'tetris-clear' highscore:0
'tetris-clear' highscore:375
model_save
model_save
